<?xml version="1.0" encoding="UTF-8"?>
<testsuite name="io.pivotal.quotes.QuotesApplicationTest" tests="1" skipped="0" failures="0" errors="0" timestamp="2018-11-29T19:25:25" hostname="MacBook-Pro-2.local" time="0.016">
  <properties/>
  <testcase name="contextLoads" classname="io.pivotal.quotes.QuotesApplicationTest" time="0.016"/>
  <system-out><![CDATA[2018-11-29 14:25:25.146  INFO [,,,] 88701 --- [    Test worker] .b.t.c.SpringBootTestContextBootstrapper : Neither @ContextConfiguration nor @ContextHierarchy found for test class [io.pivotal.quotes.QuotesApplicationTest], using SpringBootContextLoader
2018-11-29 14:25:25.148  INFO [,,,] 88701 --- [    Test worker] o.s.t.c.support.AbstractContextLoader    : Could not detect default resource locations for test class [io.pivotal.quotes.QuotesApplicationTest]: no resource found for suffixes {-context.xml, Context.groovy}.
2018-11-29 14:25:25.187  INFO [,,,] 88701 --- [    Test worker] .b.t.c.SpringBootTestContextBootstrapper : Loaded default TestExecutionListener class names from location [META-INF/spring.factories]: [org.springframework.boot.test.autoconfigure.restdocs.RestDocsTestExecutionListener, org.springframework.boot.test.autoconfigure.web.client.MockRestServiceServerResetTestExecutionListener, org.springframework.boot.test.autoconfigure.web.servlet.MockMvcPrintOnlyOnFailureTestExecutionListener, org.springframework.boot.test.autoconfigure.web.servlet.WebDriverTestExecutionListener, org.springframework.boot.test.mock.mockito.MockitoTestExecutionListener, org.springframework.boot.test.mock.mockito.ResetMocksTestExecutionListener, org.springframework.test.context.web.ServletTestExecutionListener, org.springframework.test.context.support.DirtiesContextBeforeModesTestExecutionListener, org.springframework.test.context.support.DependencyInjectionTestExecutionListener, org.springframework.test.context.support.DirtiesContextTestExecutionListener, org.springframework.test.context.transaction.TransactionalTestExecutionListener, org.springframework.test.context.jdbc.SqlScriptsTestExecutionListener]
2018-11-29 14:25:25.188  INFO [,,,] 88701 --- [    Test worker] .b.t.c.SpringBootTestContextBootstrapper : Using TestExecutionListeners: [org.springframework.test.context.web.ServletTestExecutionListener@507972d8, org.springframework.test.context.support.DirtiesContextBeforeModesTestExecutionListener@3cb581b7, org.springframework.boot.test.mock.mockito.MockitoTestExecutionListener@7b032746, org.springframework.boot.test.autoconfigure.SpringBootDependencyInjectionTestExecutionListener@67efd7c9, org.springframework.test.context.support.DirtiesContextTestExecutionListener@7c1b965e, org.springframework.test.context.transaction.TransactionalTestExecutionListener@6c330853, org.springframework.test.context.jdbc.SqlScriptsTestExecutionListener@e682b84, org.springframework.boot.test.autoconfigure.restdocs.RestDocsTestExecutionListener@17a0e41f, org.springframework.boot.test.autoconfigure.web.client.MockRestServiceServerResetTestExecutionListener@372939d3, org.springframework.boot.test.autoconfigure.web.servlet.MockMvcPrintOnlyOnFailureTestExecutionListener@43accef5, org.springframework.boot.test.autoconfigure.web.servlet.WebDriverTestExecutionListener@cd7f90f, org.springframework.boot.test.mock.mockito.ResetMocksTestExecutionListener@1cc76496]
]]></system-out>
  <system-err><![CDATA[]]></system-err>
</testsuite>
